<?xml version="1.0" encoding="UTF-8"?>
<!-- Generated by org.testng.reporters.JUnitXMLReporter -->
<testsuite ignored="0" hostname="DESKTOP-LF8SMFL" failures="1" tests="1" name="Login Test" time="0.042" errors="0" timestamp="2023-02-10T00:41:54 IST">
  <testcase classname="testnglearning.Test2" name="validateTitle" time="0.01">
    <failure type="java.lang.AssertionError" message="The following asserts failed:
	Title are not matching expected [Gmails.com] but found [Gmail.com],
	Element not found expected [true] but found [false],
	Forcefully failing test cases">
      <![CDATA[java.lang.AssertionError: The following asserts failed:
Title are not matching expected [Gmails.com] but found [Gmail.com],
Element not found expected [true] but found [false],
Forcefully failing test cases
at testnglearning.Test2.validateTitle(Test2.java:19)
at java.base/java.util.ArrayList.forEach(ArrayList.java:1511)
... Removed 29 stack frames]]>
    </failure>
  </testcase> <!-- validateTitle -->
</testsuite> <!-- Login Test -->
